<?xml version="1.0" encoding="UTF-8"?>
<testsuite xmlns:xsi="http://www.w3.org/2001/XMLSchema-instance" xsi:noNamespaceSchemaLocation="https://maven.apache.org/surefire/maven-surefire-plugin/xsd/surefire-test-report.xsd" name="com.company.apiframework.CustomApiMockTest" time="5.811" tests="20" errors="0" skipped="0" failures="0">
  <properties>
[...]
</properties>
  <testcase name="testMockReset" classname="com.company.apiframework.CustomApiMockTest" time="0.014"/>
  <testcase name="testUserServiceCreateUserValidationError" classname="com.company.apiframework.CustomApiMockTest" time="0.028"/>
  <testcase name="testMockManagement" classname="com.company.apiframework.CustomApiMockTest" time="0"/>
  <testcase name="testPaymentApiInvalidCard" classname="com.company.apiframework.CustomApiMockTest" time="0.06"/>
  <testcase name="testUserServiceUpdateUser" classname="com.company.apiframework.CustomApiMockTest" time="0.003"/>
  <testcase name="testUserServiceGetAllUsers" classname="com.company.apiframework.CustomApiMockTest" time="0.003"/>
  <testcase name="testScenarioBasedMocking" classname="com.company.apiframework.CustomApiMockTest" time="0.003"/>
  <testcase name="testUserServiceAuthentication" classname="com.company.apiframework.CustomApiMockTest" time="0.002"/>
  <testcase name="testUnknownUrlHandling" classname="com.company.apiframework.CustomApiMockTest" time="0.001"/>
  <testcase name="testPaymentApiSuccessfulTransaction" classname="com.company.apiframework.CustomApiMockTest" time="0.001"/>
  <testcase name="testCombinedMocking" classname="com.company.apiframework.CustomApiMockTest" time="0.002"/>
  <testcase name="testUserServiceMockRegistration" classname="com.company.apiframework.CustomApiMockTest" time="0.002"/>
  <testcase name="testUserServiceUserNotFound" classname="com.company.apiframework.CustomApiMockTest" time="0.002"/>
  <testcase name="testUserServiceCreateUser" classname="com.company.apiframework.CustomApiMockTest" time="0.002"/>
  <testcase name="testPaymentApiNetworkTimeout" classname="com.company.apiframework.CustomApiMockTest" time="5.016"/>
  <testcase name="testUserServiceDeleteUser" classname="com.company.apiframework.CustomApiMockTest" time="0.004"/>
  <testcase name="testUserServiceGetSpecificUser" classname="com.company.apiframework.CustomApiMockTest" time="0.001"/>
  <testcase name="testPaymentApiMockRegistration" classname="com.company.apiframework.CustomApiMockTest" time="0.001"/>
  <testcase name="testRequestCounting" classname="com.company.apiframework.CustomApiMockTest" time="0.002"/>
  <testcase name="testPaymentApiInsufficientFunds" classname="com.company.apiframework.CustomApiMockTest" time="0.114"/>
</testsuite>